{
    "M:\\UniBlog\\UniBlog\\blog-backend\\src\\app.ts": {
        "path": "M:\\UniBlog\\UniBlog\\blog-backend\\src\\app.ts",
        "all": false,
        "statementMap": {
            "0": {
                "start": {
                    "line": 1,
                    "column": 0
                },
                "end": {
                    "line": 1,
                    "column": 30
                }
            },
            "1": {
                "start": {
                    "line": 2,
                    "column": 0
                },
                "end": {
                    "line": 2,
                    "column": 50
                }
            },
            "2": {
                "start": {
                    "line": 3,
                    "column": 0
                },
                "end": {
                    "line": 3,
                    "column": 33
                }
            },
            "3": {
                "start": {
                    "line": 4,
                    "column": 0
                },
                "end": {
                    "line": 4,
                    "column": 31
                }
            },
            "4": {
                "start": {
                    "line": 5,
                    "column": 0
                },
                "end": {
                    "line": 5,
                    "column": 53
                }
            },
            "5": {
                "start": {
                    "line": 6,
                    "column": 0
                },
                "end": {
                    "line": 6,
                    "column": 53
                }
            },
            "6": {
                "start": {
                    "line": 7,
                    "column": 0
                },
                "end": {
                    "line": 7,
                    "column": 55
                }
            },
            "7": {
                "start": {
                    "line": 8,
                    "column": 0
                },
                "end": {
                    "line": 8,
                    "column": 62
                }
            },
            "8": {
                "start": {
                    "line": 9,
                    "column": 0
                },
                "end": {
                    "line": 9,
                    "column": 0
                }
            },
            "9": {
                "start": {
                    "line": 10,
                    "column": 0
                },
                "end": {
                    "line": 10,
                    "column": 29
                }
            },
            "10": {
                "start": {
                    "line": 11,
                    "column": 0
                },
                "end": {
                    "line": 11,
                    "column": 0
                }
            },
            "11": {
                "start": {
                    "line": 12,
                    "column": 0
                },
                "end": {
                    "line": 12,
                    "column": 20
                }
            },
            "12": {
                "start": {
                    "line": 13,
                    "column": 0
                },
                "end": {
                    "line": 13,
                    "column": 15
                }
            },
            "13": {
                "start": {
                    "line": 14,
                    "column": 0
                },
                "end": {
                    "line": 14,
                    "column": 44
                }
            },
            "14": {
                "start": {
                    "line": 15,
                    "column": 0
                },
                "end": {
                    "line": 15,
                    "column": 3
                }
            },
            "15": {
                "start": {
                    "line": 16,
                    "column": 0
                },
                "end": {
                    "line": 16,
                    "column": 0
                }
            },
            "16": {
                "start": {
                    "line": 17,
                    "column": 0
                },
                "end": {
                    "line": 17,
                    "column": 19
                }
            },
            "17": {
                "start": {
                    "line": 18,
                    "column": 0
                },
                "end": {
                    "line": 18,
                    "column": 53
                }
            },
            "18": {
                "start": {
                    "line": 19,
                    "column": 0
                },
                "end": {
                    "line": 19,
                    "column": 3
                }
            },
            "19": {
                "start": {
                    "line": 20,
                    "column": 0
                },
                "end": {
                    "line": 20,
                    "column": 32
                }
            },
            "20": {
                "start": {
                    "line": 21,
                    "column": 0
                },
                "end": {
                    "line": 21,
                    "column": 11
                }
            },
            "21": {
                "start": {
                    "line": 22,
                    "column": 0
                },
                "end": {
                    "line": 22,
                    "column": 31
                }
            },
            "22": {
                "start": {
                    "line": 23,
                    "column": 0
                },
                "end": {
                    "line": 23,
                    "column": 4
                }
            },
            "23": {
                "start": {
                    "line": 24,
                    "column": 0
                },
                "end": {
                    "line": 24,
                    "column": 3
                }
            },
            "24": {
                "start": {
                    "line": 25,
                    "column": 0
                },
                "end": {
                    "line": 25,
                    "column": 0
                }
            },
            "25": {
                "start": {
                    "line": 26,
                    "column": 0
                },
                "end": {
                    "line": 26,
                    "column": 8
                }
            },
            "26": {
                "start": {
                    "line": 27,
                    "column": 0
                },
                "end": {
                    "line": 27,
                    "column": 49
                }
            },
            "27": {
                "start": {
                    "line": 28,
                    "column": 0
                },
                "end": {
                    "line": 28,
                    "column": 49
                }
            },
            "28": {
                "start": {
                    "line": 29,
                    "column": 0
                },
                "end": {
                    "line": 29,
                    "column": 47
                }
            },
            "29": {
                "start": {
                    "line": 30,
                    "column": 0
                },
                "end": {
                    "line": 30,
                    "column": 51
                }
            }
        },
        "s": {
            "0": 1,
            "1": 1,
            "2": 1,
            "3": 1,
            "4": 1,
            "5": 1,
            "6": 1,
            "7": 1,
            "8": 1,
            "9": 1,
            "10": 1,
            "11": 1,
            "12": 1,
            "13": 1,
            "14": 1,
            "15": 1,
            "16": 1,
            "17": 1,
            "18": 1,
            "19": 1,
            "20": 1,
            "21": 1,
            "22": 1,
            "23": 1,
            "24": 1,
            "25": 1,
            "26": 1,
            "27": 1,
            "28": 1,
            "29": 1
        },
        "branchMap": {},
        "b": {},
        "fnMap": {},
        "f": {}
    },
    "M:\\UniBlog\\UniBlog\\blog-backend\\src\\controllers\\account.controller.ts": {
        "path": "M:\\UniBlog\\UniBlog\\blog-backend\\src\\controllers\\account.controller.ts",
        "all": false,
        "statementMap": {
            "0": {
                "start": {
                    "line": 1,
                    "column": 0
                },
                "end": {
                    "line": 1,
                    "column": 55
                }
            },
            "1": {
                "start": {
                    "line": 2,
                    "column": 0
                },
                "end": {
                    "line": 2,
                    "column": 0
                }
            },
            "2": {
                "start": {
                    "line": 3,
                    "column": 0
                },
                "end": {
                    "line": 3,
                    "column": 116
                }
            },
            "3": {
                "start": {
                    "line": 4,
                    "column": 0
                },
                "end": {
                    "line": 4,
                    "column": 111
                }
            },
            "4": {
                "start": {
                    "line": 5,
                    "column": 0
                },
                "end": {
                    "line": 5,
                    "column": 0
                }
            },
            "5": {
                "start": {
                    "line": 6,
                    "column": 0
                },
                "end": {
                    "line": 6,
                    "column": 0
                }
            },
            "6": {
                "start": {
                    "line": 7,
                    "column": 0
                },
                "end": {
                    "line": 7,
                    "column": 95
                }
            },
            "7": {
                "start": {
                    "line": 8,
                    "column": 0
                },
                "end": {
                    "line": 8,
                    "column": 7
                }
            },
            "8": {
                "start": {
                    "line": 9,
                    "column": 0
                },
                "end": {
                    "line": 9,
                    "column": 57
                }
            },
            "9": {
                "start": {
                    "line": 10,
                    "column": 0
                },
                "end": {
                    "line": 10,
                    "column": 0
                }
            },
            "10": {
                "start": {
                    "line": 11,
                    "column": 0
                },
                "end": {
                    "line": 11,
                    "column": 53
                }
            },
            "11": {
                "start": {
                    "line": 12,
                    "column": 0
                },
                "end": {
                    "line": 12,
                    "column": 0
                }
            },
            "12": {
                "start": {
                    "line": 13,
                    "column": 0
                },
                "end": {
                    "line": 13,
                    "column": 43
                }
            },
            "13": {
                "start": {
                    "line": 14,
                    "column": 0
                },
                "end": {
                    "line": 14,
                    "column": 19
                }
            },
            "14": {
                "start": {
                    "line": 15,
                    "column": 0
                },
                "end": {
                    "line": 15,
                    "column": 35
                }
            },
            "15": {
                "start": {
                    "line": 16,
                    "column": 0
                },
                "end": {
                    "line": 16,
                    "column": 33
                }
            },
            "16": {
                "start": {
                    "line": 17,
                    "column": 0
                },
                "end": {
                    "line": 17,
                    "column": 76
                }
            },
            "17": {
                "start": {
                    "line": 18,
                    "column": 0
                },
                "end": {
                    "line": 18,
                    "column": 21
                }
            },
            "18": {
                "start": {
                    "line": 19,
                    "column": 0
                },
                "end": {
                    "line": 19,
                    "column": 7
                }
            },
            "19": {
                "start": {
                    "line": 20,
                    "column": 0
                },
                "end": {
                    "line": 20,
                    "column": 3
                }
            },
            "20": {
                "start": {
                    "line": 21,
                    "column": 0
                },
                "end": {
                    "line": 21,
                    "column": 2
                }
            },
            "21": {
                "start": {
                    "line": 22,
                    "column": 0
                },
                "end": {
                    "line": 22,
                    "column": 0
                }
            },
            "22": {
                "start": {
                    "line": 23,
                    "column": 0
                },
                "end": {
                    "line": 23,
                    "column": 92
                }
            },
            "23": {
                "start": {
                    "line": 24,
                    "column": 0
                },
                "end": {
                    "line": 24,
                    "column": 7
                }
            },
            "24": {
                "start": {
                    "line": 25,
                    "column": 0
                },
                "end": {
                    "line": 25,
                    "column": 63
                }
            },
            "25": {
                "start": {
                    "line": 26,
                    "column": 0
                },
                "end": {
                    "line": 26,
                    "column": 0
                }
            },
            "26": {
                "start": {
                    "line": 27,
                    "column": 0
                },
                "end": {
                    "line": 27,
                    "column": 57
                }
            },
            "27": {
                "start": {
                    "line": 28,
                    "column": 0
                },
                "end": {
                    "line": 28,
                    "column": 0
                }
            },
            "28": {
                "start": {
                    "line": 29,
                    "column": 0
                },
                "end": {
                    "line": 29,
                    "column": 45
                }
            },
            "29": {
                "start": {
                    "line": 30,
                    "column": 0
                },
                "end": {
                    "line": 30,
                    "column": 19
                }
            },
            "30": {
                "start": {
                    "line": 31,
                    "column": 0
                },
                "end": {
                    "line": 31,
                    "column": 82
                }
            },
            "31": {
                "start": {
                    "line": 32,
                    "column": 0
                },
                "end": {
                    "line": 32,
                    "column": 3
                }
            },
            "32": {
                "start": {
                    "line": 33,
                    "column": 0
                },
                "end": {
                    "line": 33,
                    "column": 2
                }
            },
            "33": {
                "start": {
                    "line": 34,
                    "column": 0
                },
                "end": {
                    "line": 34,
                    "column": 0
                }
            },
            "34": {
                "start": {
                    "line": 35,
                    "column": 0
                },
                "end": {
                    "line": 35,
                    "column": 93
                }
            },
            "35": {
                "start": {
                    "line": 36,
                    "column": 0
                },
                "end": {
                    "line": 36,
                    "column": 7
                }
            },
            "36": {
                "start": {
                    "line": 37,
                    "column": 0
                },
                "end": {
                    "line": 37,
                    "column": 68
                }
            },
            "37": {
                "start": {
                    "line": 38,
                    "column": 0
                },
                "end": {
                    "line": 38,
                    "column": 57
                }
            },
            "38": {
                "start": {
                    "line": 39,
                    "column": 0
                },
                "end": {
                    "line": 39,
                    "column": 0
                }
            },
            "39": {
                "start": {
                    "line": 40,
                    "column": 0
                },
                "end": {
                    "line": 40,
                    "column": 72
                }
            },
            "40": {
                "start": {
                    "line": 41,
                    "column": 0
                },
                "end": {
                    "line": 41,
                    "column": 0
                }
            },
            "41": {
                "start": {
                    "line": 42,
                    "column": 0
                },
                "end": {
                    "line": 42,
                    "column": 43
                }
            },
            "42": {
                "start": {
                    "line": 43,
                    "column": 0
                },
                "end": {
                    "line": 43,
                    "column": 19
                }
            },
            "43": {
                "start": {
                    "line": 44,
                    "column": 0
                },
                "end": {
                    "line": 44,
                    "column": 35
                }
            },
            "44": {
                "start": {
                    "line": 45,
                    "column": 0
                },
                "end": {
                    "line": 45,
                    "column": 33
                }
            },
            "45": {
                "start": {
                    "line": 46,
                    "column": 0
                },
                "end": {
                    "line": 46,
                    "column": 76
                }
            },
            "46": {
                "start": {
                    "line": 47,
                    "column": 0
                },
                "end": {
                    "line": 47,
                    "column": 21
                }
            },
            "47": {
                "start": {
                    "line": 48,
                    "column": 0
                },
                "end": {
                    "line": 48,
                    "column": 7
                }
            },
            "48": {
                "start": {
                    "line": 49,
                    "column": 0
                },
                "end": {
                    "line": 49,
                    "column": 3
                }
            },
            "49": {
                "start": {
                    "line": 50,
                    "column": 0
                },
                "end": {
                    "line": 50,
                    "column": 2
                }
            }
        },
        "s": {
            "0": 1,
            "1": 1,
            "2": 1,
            "3": 1,
            "4": 1,
            "5": 1,
            "6": 1,
            "7": 0,
            "8": 0,
            "9": 0,
            "10": 0,
            "11": 0,
            "12": 0,
            "13": 0,
            "14": 0,
            "15": 0,
            "16": 0,
            "17": 0,
            "18": 0,
            "19": 0,
            "20": 0,
            "21": 1,
            "22": 1,
            "23": 0,
            "24": 0,
            "25": 0,
            "26": 0,
            "27": 0,
            "28": 0,
            "29": 0,
            "30": 0,
            "31": 0,
            "32": 0,
            "33": 1,
            "34": 1,
            "35": 0,
            "36": 0,
            "37": 0,
            "38": 0,
            "39": 0,
            "40": 0,
            "41": 0,
            "42": 0,
            "43": 0,
            "44": 0,
            "45": 0,
            "46": 0,
            "47": 0,
            "48": 0,
            "49": 0
        },
        "branchMap": {},
        "b": {},
        "fnMap": {
            "0": {
                "name": "registerAccountController",
                "decl": {
                    "start": {
                        "line": 7,
                        "column": 7
                    },
                    "end": {
                        "line": 21,
                        "column": 2
                    }
                },
                "loc": {
                    "start": {
                        "line": 7,
                        "column": 7
                    },
                    "end": {
                        "line": 21,
                        "column": 2
                    }
                },
                "line": 7
            },
            "1": {
                "name": "loginAccountController",
                "decl": {
                    "start": {
                        "line": 23,
                        "column": 7
                    },
                    "end": {
                        "line": 33,
                        "column": 2
                    }
                },
                "loc": {
                    "start": {
                        "line": 23,
                        "column": 7
                    },
                    "end": {
                        "line": 33,
                        "column": 2
                    }
                },
                "line": 23
            },
            "2": {
                "name": "updateAccountController",
                "decl": {
                    "start": {
                        "line": 35,
                        "column": 7
                    },
                    "end": {
                        "line": 50,
                        "column": 2
                    }
                },
                "loc": {
                    "start": {
                        "line": 35,
                        "column": 7
                    },
                    "end": {
                        "line": 50,
                        "column": 2
                    }
                },
                "line": 35
            }
        },
        "f": {
            "0": 0,
            "1": 0,
            "2": 0
        }
    },
    "M:\\UniBlog\\UniBlog\\blog-backend\\src\\controllers\\interacoes.controller.ts": {
        "path": "M:\\UniBlog\\UniBlog\\blog-backend\\src\\controllers\\interacoes.controller.ts",
        "all": false,
        "statementMap": {
            "0": {
                "start": {
                    "line": 1,
                    "column": 0
                },
                "end": {
                    "line": 1,
                    "column": 55
                }
            },
            "1": {
                "start": {
                    "line": 2,
                    "column": 0
                },
                "end": {
                    "line": 2,
                    "column": 155
                }
            },
            "2": {
                "start": {
                    "line": 3,
                    "column": 0
                },
                "end": {
                    "line": 3,
                    "column": 100
                }
            },
            "3": {
                "start": {
                    "line": 4,
                    "column": 0
                },
                "end": {
                    "line": 4,
                    "column": 59
                }
            },
            "4": {
                "start": {
                    "line": 5,
                    "column": 0
                },
                "end": {
                    "line": 5,
                    "column": 0
                }
            },
            "5": {
                "start": {
                    "line": 6,
                    "column": 0
                },
                "end": {
                    "line": 6,
                    "column": 86
                }
            },
            "6": {
                "start": {
                    "line": 7,
                    "column": 0
                },
                "end": {
                    "line": 7,
                    "column": 9
                }
            },
            "7": {
                "start": {
                    "line": 8,
                    "column": 0
                },
                "end": {
                    "line": 8,
                    "column": 68
                }
            },
            "8": {
                "start": {
                    "line": 9,
                    "column": 0
                },
                "end": {
                    "line": 9,
                    "column": 0
                }
            },
            "9": {
                "start": {
                    "line": 10,
                    "column": 0
                },
                "end": {
                    "line": 10,
                    "column": 97
                }
            },
            "10": {
                "start": {
                    "line": 11,
                    "column": 0
                },
                "end": {
                    "line": 11,
                    "column": 0
                }
            },
            "11": {
                "start": {
                    "line": 12,
                    "column": 0
                },
                "end": {
                    "line": 12,
                    "column": 44
                }
            },
            "12": {
                "start": {
                    "line": 13,
                    "column": 0
                },
                "end": {
                    "line": 13,
                    "column": 43
                }
            },
            "13": {
                "start": {
                    "line": 14,
                    "column": 0
                },
                "end": {
                    "line": 14,
                    "column": 40
                }
            },
            "14": {
                "start": {
                    "line": 15,
                    "column": 0
                },
                "end": {
                    "line": 15,
                    "column": 11
                }
            },
            "15": {
                "start": {
                    "line": 16,
                    "column": 0
                },
                "end": {
                    "line": 16,
                    "column": 0
                }
            },
            "16": {
                "start": {
                    "line": 17,
                    "column": 0
                },
                "end": {
                    "line": 17,
                    "column": 46
                }
            },
            "17": {
                "start": {
                    "line": 18,
                    "column": 0
                },
                "end": {
                    "line": 18,
                    "column": 21
                }
            },
            "18": {
                "start": {
                    "line": 19,
                    "column": 0
                },
                "end": {
                    "line": 19,
                    "column": 39
                }
            },
            "19": {
                "start": {
                    "line": 20,
                    "column": 0
                },
                "end": {
                    "line": 20,
                    "column": 49
                }
            },
            "20": {
                "start": {
                    "line": 21,
                    "column": 0
                },
                "end": {
                    "line": 21,
                    "column": 82
                }
            },
            "21": {
                "start": {
                    "line": 22,
                    "column": 0
                },
                "end": {
                    "line": 22,
                    "column": 11
                }
            },
            "22": {
                "start": {
                    "line": 23,
                    "column": 0
                },
                "end": {
                    "line": 23,
                    "column": 5
                }
            },
            "23": {
                "start": {
                    "line": 24,
                    "column": 0
                },
                "end": {
                    "line": 24,
                    "column": 1
                }
            },
            "24": {
                "start": {
                    "line": 25,
                    "column": 0
                },
                "end": {
                    "line": 25,
                    "column": 0
                }
            },
            "25": {
                "start": {
                    "line": 26,
                    "column": 0
                },
                "end": {
                    "line": 26,
                    "column": 89
                }
            },
            "26": {
                "start": {
                    "line": 27,
                    "column": 0
                },
                "end": {
                    "line": 27,
                    "column": 9
                }
            },
            "27": {
                "start": {
                    "line": 28,
                    "column": 0
                },
                "end": {
                    "line": 28,
                    "column": 0
                }
            },
            "28": {
                "start": {
                    "line": 29,
                    "column": 0
                },
                "end": {
                    "line": 29,
                    "column": 68
                }
            },
            "29": {
                "start": {
                    "line": 30,
                    "column": 0
                },
                "end": {
                    "line": 30,
                    "column": 0
                }
            },
            "30": {
                "start": {
                    "line": 31,
                    "column": 0
                },
                "end": {
                    "line": 31,
                    "column": 97
                }
            },
            "31": {
                "start": {
                    "line": 32,
                    "column": 0
                },
                "end": {
                    "line": 32,
                    "column": 0
                }
            },
            "32": {
                "start": {
                    "line": 33,
                    "column": 0
                },
                "end": {
                    "line": 33,
                    "column": 47
                }
            },
            "33": {
                "start": {
                    "line": 34,
                    "column": 0
                },
                "end": {
                    "line": 34,
                    "column": 43
                }
            },
            "34": {
                "start": {
                    "line": 35,
                    "column": 0
                },
                "end": {
                    "line": 35,
                    "column": 40
                }
            },
            "35": {
                "start": {
                    "line": 36,
                    "column": 0
                },
                "end": {
                    "line": 36,
                    "column": 11
                }
            },
            "36": {
                "start": {
                    "line": 37,
                    "column": 0
                },
                "end": {
                    "line": 37,
                    "column": 0
                }
            },
            "37": {
                "start": {
                    "line": 38,
                    "column": 0
                },
                "end": {
                    "line": 38,
                    "column": 46
                }
            },
            "38": {
                "start": {
                    "line": 39,
                    "column": 0
                },
                "end": {
                    "line": 39,
                    "column": 21
                }
            },
            "39": {
                "start": {
                    "line": 40,
                    "column": 0
                },
                "end": {
                    "line": 40,
                    "column": 39
                }
            },
            "40": {
                "start": {
                    "line": 41,
                    "column": 0
                },
                "end": {
                    "line": 41,
                    "column": 39
                }
            },
            "41": {
                "start": {
                    "line": 42,
                    "column": 0
                },
                "end": {
                    "line": 42,
                    "column": 82
                }
            },
            "42": {
                "start": {
                    "line": 43,
                    "column": 0
                },
                "end": {
                    "line": 43,
                    "column": 110
                }
            },
            "43": {
                "start": {
                    "line": 44,
                    "column": 0
                },
                "end": {
                    "line": 44,
                    "column": 11
                }
            },
            "44": {
                "start": {
                    "line": 45,
                    "column": 0
                },
                "end": {
                    "line": 45,
                    "column": 5
                }
            },
            "45": {
                "start": {
                    "line": 46,
                    "column": 0
                },
                "end": {
                    "line": 46,
                    "column": 1
                }
            },
            "46": {
                "start": {
                    "line": 47,
                    "column": 0
                },
                "end": {
                    "line": 47,
                    "column": 0
                }
            },
            "47": {
                "start": {
                    "line": 48,
                    "column": 0
                },
                "end": {
                    "line": 48,
                    "column": 88
                }
            },
            "48": {
                "start": {
                    "line": 49,
                    "column": 0
                },
                "end": {
                    "line": 49,
                    "column": 9
                }
            },
            "49": {
                "start": {
                    "line": 50,
                    "column": 0
                },
                "end": {
                    "line": 50,
                    "column": 56
                }
            },
            "50": {
                "start": {
                    "line": 51,
                    "column": 0
                },
                "end": {
                    "line": 51,
                    "column": 97
                }
            },
            "51": {
                "start": {
                    "line": 52,
                    "column": 0
                },
                "end": {
                    "line": 52,
                    "column": 25
                }
            },
            "52": {
                "start": {
                    "line": 53,
                    "column": 0
                },
                "end": {
                    "line": 53,
                    "column": 93
                }
            },
            "53": {
                "start": {
                    "line": 54,
                    "column": 0
                },
                "end": {
                    "line": 54,
                    "column": 9
                }
            },
            "54": {
                "start": {
                    "line": 55,
                    "column": 0
                },
                "end": {
                    "line": 55,
                    "column": 0
                }
            },
            "55": {
                "start": {
                    "line": 56,
                    "column": 0
                },
                "end": {
                    "line": 56,
                    "column": 0
                }
            },
            "56": {
                "start": {
                    "line": 57,
                    "column": 0
                },
                "end": {
                    "line": 57,
                    "column": 91
                }
            },
            "57": {
                "start": {
                    "line": 58,
                    "column": 0
                },
                "end": {
                    "line": 58,
                    "column": 46
                }
            },
            "58": {
                "start": {
                    "line": 59,
                    "column": 0
                },
                "end": {
                    "line": 59,
                    "column": 21
                }
            },
            "59": {
                "start": {
                    "line": 60,
                    "column": 0
                },
                "end": {
                    "line": 60,
                    "column": 39
                }
            },
            "60": {
                "start": {
                    "line": 61,
                    "column": 0
                },
                "end": {
                    "line": 61,
                    "column": 38
                }
            },
            "61": {
                "start": {
                    "line": 62,
                    "column": 0
                },
                "end": {
                    "line": 62,
                    "column": 82
                }
            },
            "62": {
                "start": {
                    "line": 63,
                    "column": 0
                },
                "end": {
                    "line": 63,
                    "column": 110
                }
            },
            "63": {
                "start": {
                    "line": 64,
                    "column": 0
                },
                "end": {
                    "line": 64,
                    "column": 11
                }
            },
            "64": {
                "start": {
                    "line": 65,
                    "column": 0
                },
                "end": {
                    "line": 65,
                    "column": 5
                }
            },
            "65": {
                "start": {
                    "line": 66,
                    "column": 0
                },
                "end": {
                    "line": 66,
                    "column": 1
                }
            },
            "66": {
                "start": {
                    "line": 67,
                    "column": 0
                },
                "end": {
                    "line": 67,
                    "column": 0
                }
            },
            "67": {
                "start": {
                    "line": 68,
                    "column": 0
                },
                "end": {
                    "line": 68,
                    "column": 97
                }
            },
            "68": {
                "start": {
                    "line": 69,
                    "column": 0
                },
                "end": {
                    "line": 69,
                    "column": 9
                }
            },
            "69": {
                "start": {
                    "line": 70,
                    "column": 0
                },
                "end": {
                    "line": 70,
                    "column": 82
                }
            },
            "70": {
                "start": {
                    "line": 71,
                    "column": 0
                },
                "end": {
                    "line": 71,
                    "column": 97
                }
            },
            "71": {
                "start": {
                    "line": 72,
                    "column": 0
                },
                "end": {
                    "line": 72,
                    "column": 0
                }
            },
            "72": {
                "start": {
                    "line": 73,
                    "column": 0
                },
                "end": {
                    "line": 73,
                    "column": 25
                }
            },
            "73": {
                "start": {
                    "line": 74,
                    "column": 0
                },
                "end": {
                    "line": 74,
                    "column": 93
                }
            },
            "74": {
                "start": {
                    "line": 75,
                    "column": 0
                },
                "end": {
                    "line": 75,
                    "column": 9
                }
            },
            "75": {
                "start": {
                    "line": 76,
                    "column": 0
                },
                "end": {
                    "line": 76,
                    "column": 0
                }
            },
            "76": {
                "start": {
                    "line": 77,
                    "column": 0
                },
                "end": {
                    "line": 77,
                    "column": 55
                }
            },
            "77": {
                "start": {
                    "line": 78,
                    "column": 0
                },
                "end": {
                    "line": 78,
                    "column": 54
                }
            },
            "78": {
                "start": {
                    "line": 79,
                    "column": 0
                },
                "end": {
                    "line": 79,
                    "column": 44
                }
            },
            "79": {
                "start": {
                    "line": 80,
                    "column": 0
                },
                "end": {
                    "line": 80,
                    "column": 35
                }
            },
            "80": {
                "start": {
                    "line": 81,
                    "column": 0
                },
                "end": {
                    "line": 81,
                    "column": 11
                }
            },
            "81": {
                "start": {
                    "line": 82,
                    "column": 0
                },
                "end": {
                    "line": 82,
                    "column": 46
                }
            },
            "82": {
                "start": {
                    "line": 83,
                    "column": 0
                },
                "end": {
                    "line": 83,
                    "column": 21
                }
            },
            "83": {
                "start": {
                    "line": 84,
                    "column": 0
                },
                "end": {
                    "line": 84,
                    "column": 39
                }
            },
            "84": {
                "start": {
                    "line": 85,
                    "column": 0
                },
                "end": {
                    "line": 85,
                    "column": 48
                }
            },
            "85": {
                "start": {
                    "line": 86,
                    "column": 0
                },
                "end": {
                    "line": 86,
                    "column": 82
                }
            },
            "86": {
                "start": {
                    "line": 87,
                    "column": 0
                },
                "end": {
                    "line": 87,
                    "column": 110
                }
            },
            "87": {
                "start": {
                    "line": 88,
                    "column": 0
                },
                "end": {
                    "line": 88,
                    "column": 11
                }
            },
            "88": {
                "start": {
                    "line": 89,
                    "column": 0
                },
                "end": {
                    "line": 89,
                    "column": 5
                }
            },
            "89": {
                "start": {
                    "line": 90,
                    "column": 0
                },
                "end": {
                    "line": 90,
                    "column": 1
                }
            }
        },
        "s": {
            "0": 1,
            "1": 1,
            "2": 1,
            "3": 1,
            "4": 1,
            "5": 1,
            "6": 0,
            "7": 0,
            "8": 0,
            "9": 0,
            "10": 0,
            "11": 0,
            "12": 0,
            "13": 0,
            "14": 0,
            "15": 0,
            "16": 0,
            "17": 0,
            "18": 0,
            "19": 0,
            "20": 0,
            "21": 0,
            "22": 0,
            "23": 0,
            "24": 1,
            "25": 1,
            "26": 0,
            "27": 0,
            "28": 0,
            "29": 0,
            "30": 0,
            "31": 0,
            "32": 0,
            "33": 0,
            "34": 0,
            "35": 0,
            "36": 0,
            "37": 0,
            "38": 0,
            "39": 0,
            "40": 0,
            "41": 0,
            "42": 0,
            "43": 0,
            "44": 0,
            "45": 0,
            "46": 1,
            "47": 1,
            "48": 0,
            "49": 0,
            "50": 0,
            "51": 0,
            "52": 0,
            "53": 0,
            "54": 0,
            "55": 0,
            "56": 0,
            "57": 0,
            "58": 0,
            "59": 0,
            "60": 0,
            "61": 0,
            "62": 0,
            "63": 0,
            "64": 0,
            "65": 0,
            "66": 1,
            "67": 1,
            "68": 0,
            "69": 0,
            "70": 0,
            "71": 0,
            "72": 0,
            "73": 0,
            "74": 0,
            "75": 0,
            "76": 0,
            "77": 0,
            "78": 0,
            "79": 0,
            "80": 0,
            "81": 0,
            "82": 0,
            "83": 0,
            "84": 0,
            "85": 0,
            "86": 0,
            "87": 0,
            "88": 0,
            "89": 0
        },
        "branchMap": {},
        "b": {},
        "fnMap": {
            "0": {
                "name": "curtirController",
                "decl": {
                    "start": {
                        "line": 6,
                        "column": 7
                    },
                    "end": {
                        "line": 24,
                        "column": 1
                    }
                },
                "loc": {
                    "start": {
                        "line": 6,
                        "column": 7
                    },
                    "end": {
                        "line": 24,
                        "column": 1
                    }
                },
                "line": 6
            },
            "1": {
                "name": "descurtirController",
                "decl": {
                    "start": {
                        "line": 26,
                        "column": 7
                    },
                    "end": {
                        "line": 46,
                        "column": 1
                    }
                },
                "loc": {
                    "start": {
                        "line": 26,
                        "column": 7
                    },
                    "end": {
                        "line": 46,
                        "column": 1
                    }
                },
                "line": 26
            },
            "2": {
                "name": "comentarController",
                "decl": {
                    "start": {
                        "line": 48,
                        "column": 7
                    },
                    "end": {
                        "line": 66,
                        "column": 1
                    }
                },
                "loc": {
                    "start": {
                        "line": 48,
                        "column": 7
                    },
                    "end": {
                        "line": 66,
                        "column": 1
                    }
                },
                "line": 48
            },
            "3": {
                "name": "deletarComentarioController",
                "decl": {
                    "start": {
                        "line": 68,
                        "column": 7
                    },
                    "end": {
                        "line": 90,
                        "column": 1
                    }
                },
                "loc": {
                    "start": {
                        "line": 68,
                        "column": 7
                    },
                    "end": {
                        "line": 90,
                        "column": 1
                    }
                },
                "line": 68
            }
        },
        "f": {
            "0": 0,
            "1": 0,
            "2": 0,
            "3": 0
        }
    },
    "M:\\UniBlog\\UniBlog\\blog-backend\\src\\controllers\\postController.ts": {
        "path": "M:\\UniBlog\\UniBlog\\blog-backend\\src\\controllers\\postController.ts",
        "all": false,
        "statementMap": {
            "0": {
                "start": {
                    "line": 1,
                    "column": 0
                },
                "end": {
                    "line": 1,
                    "column": 55
                }
            },
            "1": {
                "start": {
                    "line": 2,
                    "column": 0
                },
                "end": {
                    "line": 2,
                    "column": 124
                }
            },
            "2": {
                "start": {
                    "line": 3,
                    "column": 0
                },
                "end": {
                    "line": 3,
                    "column": 95
                }
            },
            "3": {
                "start": {
                    "line": 4,
                    "column": 0
                },
                "end": {
                    "line": 4,
                    "column": 57
                }
            },
            "4": {
                "start": {
                    "line": 5,
                    "column": 0
                },
                "end": {
                    "line": 5,
                    "column": 55
                }
            },
            "5": {
                "start": {
                    "line": 6,
                    "column": 0
                },
                "end": {
                    "line": 6,
                    "column": 59
                }
            },
            "6": {
                "start": {
                    "line": 7,
                    "column": 0
                },
                "end": {
                    "line": 7,
                    "column": 78
                }
            },
            "7": {
                "start": {
                    "line": 8,
                    "column": 0
                },
                "end": {
                    "line": 8,
                    "column": 0
                }
            },
            "8": {
                "start": {
                    "line": 9,
                    "column": 0
                },
                "end": {
                    "line": 9,
                    "column": 0
                }
            },
            "9": {
                "start": {
                    "line": 10,
                    "column": 0
                },
                "end": {
                    "line": 10,
                    "column": 90
                }
            },
            "10": {
                "start": {
                    "line": 11,
                    "column": 0
                },
                "end": {
                    "line": 11,
                    "column": 9
                }
            },
            "11": {
                "start": {
                    "line": 12,
                    "column": 0
                },
                "end": {
                    "line": 12,
                    "column": 79
                }
            },
            "12": {
                "start": {
                    "line": 13,
                    "column": 0
                },
                "end": {
                    "line": 13,
                    "column": 0
                }
            },
            "13": {
                "start": {
                    "line": 14,
                    "column": 0
                },
                "end": {
                    "line": 14,
                    "column": 45
                }
            },
            "14": {
                "start": {
                    "line": 15,
                    "column": 0
                },
                "end": {
                    "line": 15,
                    "column": 22
                }
            },
            "15": {
                "start": {
                    "line": 16,
                    "column": 0
                },
                "end": {
                    "line": 16,
                    "column": 11
                }
            },
            "16": {
                "start": {
                    "line": 17,
                    "column": 0
                },
                "end": {
                    "line": 17,
                    "column": 0
                }
            },
            "17": {
                "start": {
                    "line": 18,
                    "column": 0
                },
                "end": {
                    "line": 18,
                    "column": 62
                }
            },
            "18": {
                "start": {
                    "line": 19,
                    "column": 0
                },
                "end": {
                    "line": 19,
                    "column": 54
                }
            },
            "19": {
                "start": {
                    "line": 20,
                    "column": 0
                },
                "end": {
                    "line": 20,
                    "column": 24
                }
            },
            "20": {
                "start": {
                    "line": 21,
                    "column": 0
                },
                "end": {
                    "line": 21,
                    "column": 93
                }
            },
            "21": {
                "start": {
                    "line": 22,
                    "column": 0
                },
                "end": {
                    "line": 22,
                    "column": 9
                }
            },
            "22": {
                "start": {
                    "line": 23,
                    "column": 0
                },
                "end": {
                    "line": 23,
                    "column": 0
                }
            },
            "23": {
                "start": {
                    "line": 24,
                    "column": 0
                },
                "end": {
                    "line": 24,
                    "column": 37
                }
            },
            "24": {
                "start": {
                    "line": 25,
                    "column": 0
                },
                "end": {
                    "line": 25,
                    "column": 71
                }
            },
            "25": {
                "start": {
                    "line": 26,
                    "column": 0
                },
                "end": {
                    "line": 26,
                    "column": 39
                }
            },
            "26": {
                "start": {
                    "line": 27,
                    "column": 0
                },
                "end": {
                    "line": 27,
                    "column": 9
                }
            },
            "27": {
                "start": {
                    "line": 28,
                    "column": 0
                },
                "end": {
                    "line": 28,
                    "column": 0
                }
            },
            "28": {
                "start": {
                    "line": 29,
                    "column": 0
                },
                "end": {
                    "line": 29,
                    "column": 61
                }
            },
            "29": {
                "start": {
                    "line": 30,
                    "column": 0
                },
                "end": {
                    "line": 30,
                    "column": 55
                }
            },
            "30": {
                "start": {
                    "line": 31,
                    "column": 0
                },
                "end": {
                    "line": 31,
                    "column": 0
                }
            },
            "31": {
                "start": {
                    "line": 32,
                    "column": 0
                },
                "end": {
                    "line": 32,
                    "column": 67
                }
            },
            "32": {
                "start": {
                    "line": 33,
                    "column": 0
                },
                "end": {
                    "line": 33,
                    "column": 21
                }
            },
            "33": {
                "start": {
                    "line": 34,
                    "column": 0
                },
                "end": {
                    "line": 34,
                    "column": 39
                }
            },
            "34": {
                "start": {
                    "line": 35,
                    "column": 0
                },
                "end": {
                    "line": 35,
                    "column": 39
                }
            },
            "35": {
                "start": {
                    "line": 36,
                    "column": 0
                },
                "end": {
                    "line": 36,
                    "column": 82
                }
            },
            "36": {
                "start": {
                    "line": 37,
                    "column": 0
                },
                "end": {
                    "line": 37,
                    "column": 110
                }
            },
            "37": {
                "start": {
                    "line": 38,
                    "column": 0
                },
                "end": {
                    "line": 38,
                    "column": 11
                }
            },
            "38": {
                "start": {
                    "line": 39,
                    "column": 0
                },
                "end": {
                    "line": 39,
                    "column": 5
                }
            },
            "39": {
                "start": {
                    "line": 40,
                    "column": 0
                },
                "end": {
                    "line": 40,
                    "column": 1
                }
            },
            "40": {
                "start": {
                    "line": 41,
                    "column": 0
                },
                "end": {
                    "line": 41,
                    "column": 0
                }
            },
            "41": {
                "start": {
                    "line": 42,
                    "column": 0
                },
                "end": {
                    "line": 42,
                    "column": 90
                }
            },
            "42": {
                "start": {
                    "line": 43,
                    "column": 0
                },
                "end": {
                    "line": 43,
                    "column": 9
                }
            },
            "43": {
                "start": {
                    "line": 44,
                    "column": 0
                },
                "end": {
                    "line": 44,
                    "column": 62
                }
            },
            "44": {
                "start": {
                    "line": 45,
                    "column": 0
                },
                "end": {
                    "line": 45,
                    "column": 62
                }
            },
            "45": {
                "start": {
                    "line": 46,
                    "column": 0
                },
                "end": {
                    "line": 46,
                    "column": 63
                }
            },
            "46": {
                "start": {
                    "line": 47,
                    "column": 0
                },
                "end": {
                    "line": 47,
                    "column": 44
                }
            },
            "47": {
                "start": {
                    "line": 48,
                    "column": 0
                },
                "end": {
                    "line": 48,
                    "column": 21
                }
            },
            "48": {
                "start": {
                    "line": 49,
                    "column": 0
                },
                "end": {
                    "line": 49,
                    "column": 39
                }
            },
            "49": {
                "start": {
                    "line": 50,
                    "column": 0
                },
                "end": {
                    "line": 50,
                    "column": 39
                }
            },
            "50": {
                "start": {
                    "line": 51,
                    "column": 0
                },
                "end": {
                    "line": 51,
                    "column": 82
                }
            },
            "51": {
                "start": {
                    "line": 52,
                    "column": 0
                },
                "end": {
                    "line": 52,
                    "column": 110
                }
            },
            "52": {
                "start": {
                    "line": 53,
                    "column": 0
                },
                "end": {
                    "line": 53,
                    "column": 11
                }
            },
            "53": {
                "start": {
                    "line": 54,
                    "column": 0
                },
                "end": {
                    "line": 54,
                    "column": 5
                }
            },
            "54": {
                "start": {
                    "line": 55,
                    "column": 0
                },
                "end": {
                    "line": 55,
                    "column": 1
                }
            },
            "55": {
                "start": {
                    "line": 56,
                    "column": 0
                },
                "end": {
                    "line": 56,
                    "column": 0
                }
            },
            "56": {
                "start": {
                    "line": 57,
                    "column": 0
                },
                "end": {
                    "line": 57,
                    "column": 87
                }
            },
            "57": {
                "start": {
                    "line": 58,
                    "column": 0
                },
                "end": {
                    "line": 58,
                    "column": 9
                }
            },
            "58": {
                "start": {
                    "line": 59,
                    "column": 0
                },
                "end": {
                    "line": 59,
                    "column": 97
                }
            },
            "59": {
                "start": {
                    "line": 60,
                    "column": 0
                },
                "end": {
                    "line": 60,
                    "column": 0
                }
            },
            "60": {
                "start": {
                    "line": 61,
                    "column": 0
                },
                "end": {
                    "line": 61,
                    "column": 66
                }
            },
            "61": {
                "start": {
                    "line": 62,
                    "column": 0
                },
                "end": {
                    "line": 62,
                    "column": 41
                }
            },
            "62": {
                "start": {
                    "line": 63,
                    "column": 0
                },
                "end": {
                    "line": 63,
                    "column": 97
                }
            },
            "63": {
                "start": {
                    "line": 64,
                    "column": 0
                },
                "end": {
                    "line": 64,
                    "column": 9
                }
            },
            "64": {
                "start": {
                    "line": 65,
                    "column": 0
                },
                "end": {
                    "line": 65,
                    "column": 0
                }
            },
            "65": {
                "start": {
                    "line": 66,
                    "column": 0
                },
                "end": {
                    "line": 66,
                    "column": 0
                }
            },
            "66": {
                "start": {
                    "line": 67,
                    "column": 0
                },
                "end": {
                    "line": 67,
                    "column": 44
                }
            },
            "67": {
                "start": {
                    "line": 68,
                    "column": 0
                },
                "end": {
                    "line": 68,
                    "column": 21
                }
            },
            "68": {
                "start": {
                    "line": 69,
                    "column": 0
                },
                "end": {
                    "line": 69,
                    "column": 39
                }
            },
            "69": {
                "start": {
                    "line": 70,
                    "column": 0
                },
                "end": {
                    "line": 70,
                    "column": 39
                }
            },
            "70": {
                "start": {
                    "line": 71,
                    "column": 0
                },
                "end": {
                    "line": 71,
                    "column": 82
                }
            },
            "71": {
                "start": {
                    "line": 72,
                    "column": 0
                },
                "end": {
                    "line": 72,
                    "column": 110
                }
            },
            "72": {
                "start": {
                    "line": 73,
                    "column": 0
                },
                "end": {
                    "line": 73,
                    "column": 11
                }
            },
            "73": {
                "start": {
                    "line": 74,
                    "column": 0
                },
                "end": {
                    "line": 74,
                    "column": 5
                }
            },
            "74": {
                "start": {
                    "line": 75,
                    "column": 0
                },
                "end": {
                    "line": 75,
                    "column": 1
                }
            },
            "75": {
                "start": {
                    "line": 76,
                    "column": 0
                },
                "end": {
                    "line": 76,
                    "column": 91
                }
            },
            "76": {
                "start": {
                    "line": 77,
                    "column": 0
                },
                "end": {
                    "line": 77,
                    "column": 9
                }
            },
            "77": {
                "start": {
                    "line": 78,
                    "column": 0
                },
                "end": {
                    "line": 78,
                    "column": 53
                }
            },
            "78": {
                "start": {
                    "line": 79,
                    "column": 0
                },
                "end": {
                    "line": 79,
                    "column": 0
                }
            },
            "79": {
                "start": {
                    "line": 80,
                    "column": 0
                },
                "end": {
                    "line": 80,
                    "column": 56
                }
            },
            "80": {
                "start": {
                    "line": 81,
                    "column": 0
                },
                "end": {
                    "line": 81,
                    "column": 43
                }
            },
            "81": {
                "start": {
                    "line": 82,
                    "column": 0
                },
                "end": {
                    "line": 82,
                    "column": 84
                }
            },
            "82": {
                "start": {
                    "line": 83,
                    "column": 0
                },
                "end": {
                    "line": 83,
                    "column": 68
                }
            },
            "83": {
                "start": {
                    "line": 84,
                    "column": 0
                },
                "end": {
                    "line": 84,
                    "column": 14
                }
            },
            "84": {
                "start": {
                    "line": 85,
                    "column": 0
                },
                "end": {
                    "line": 85,
                    "column": 10
                }
            },
            "85": {
                "start": {
                    "line": 86,
                    "column": 0
                },
                "end": {
                    "line": 86,
                    "column": 0
                }
            },
            "86": {
                "start": {
                    "line": 87,
                    "column": 0
                },
                "end": {
                    "line": 87,
                    "column": 61
                }
            },
            "87": {
                "start": {
                    "line": 88,
                    "column": 0
                },
                "end": {
                    "line": 88,
                    "column": 21
                }
            },
            "88": {
                "start": {
                    "line": 89,
                    "column": 0
                },
                "end": {
                    "line": 89,
                    "column": 39
                }
            },
            "89": {
                "start": {
                    "line": 90,
                    "column": 0
                },
                "end": {
                    "line": 90,
                    "column": 39
                }
            },
            "90": {
                "start": {
                    "line": 91,
                    "column": 0
                },
                "end": {
                    "line": 91,
                    "column": 82
                }
            },
            "91": {
                "start": {
                    "line": 92,
                    "column": 0
                },
                "end": {
                    "line": 92,
                    "column": 110
                }
            },
            "92": {
                "start": {
                    "line": 93,
                    "column": 0
                },
                "end": {
                    "line": 93,
                    "column": 11
                }
            },
            "93": {
                "start": {
                    "line": 94,
                    "column": 0
                },
                "end": {
                    "line": 94,
                    "column": 5
                }
            },
            "94": {
                "start": {
                    "line": 95,
                    "column": 0
                },
                "end": {
                    "line": 95,
                    "column": 1
                }
            }
        },
        "s": {
            "0": 1,
            "1": 1,
            "2": 1,
            "3": 1,
            "4": 1,
            "5": 1,
            "6": 1,
            "7": 1,
            "8": 1,
            "9": 1,
            "10": 0,
            "11": 0,
            "12": 0,
            "13": 0,
            "14": 0,
            "15": 0,
            "16": 0,
            "17": 0,
            "18": 0,
            "19": 0,
            "20": 0,
            "21": 0,
            "22": 0,
            "23": 0,
            "24": 0,
            "25": 0,
            "26": 0,
            "27": 0,
            "28": 0,
            "29": 0,
            "30": 0,
            "31": 0,
            "32": 0,
            "33": 0,
            "34": 0,
            "35": 0,
            "36": 0,
            "37": 0,
            "38": 0,
            "39": 0,
            "40": 1,
            "41": 1,
            "42": 0,
            "43": 0,
            "44": 0,
            "45": 0,
            "46": 0,
            "47": 0,
            "48": 0,
            "49": 0,
            "50": 0,
            "51": 0,
            "52": 0,
            "53": 0,
            "54": 0,
            "55": 1,
            "56": 1,
            "57": 0,
            "58": 0,
            "59": 0,
            "60": 0,
            "61": 0,
            "62": 0,
            "63": 0,
            "64": 0,
            "65": 0,
            "66": 0,
            "67": 0,
            "68": 0,
            "69": 0,
            "70": 0,
            "71": 0,
            "72": 0,
            "73": 0,
            "74": 0,
            "75": 1,
            "76": 0,
            "77": 0,
            "78": 0,
            "79": 0,
            "80": 0,
            "81": 0,
            "82": 0,
            "83": 0,
            "84": 0,
            "85": 0,
            "86": 0,
            "87": 0,
            "88": 0,
            "89": 0,
            "90": 0,
            "91": 0,
            "92": 0,
            "93": 0,
            "94": 0
        },
        "branchMap": {},
        "b": {},
        "fnMap": {
            "0": {
                "name": "createPostController",
                "decl": {
                    "start": {
                        "line": 10,
                        "column": 7
                    },
                    "end": {
                        "line": 40,
                        "column": 1
                    }
                },
                "loc": {
                    "start": {
                        "line": 10,
                        "column": 7
                    },
                    "end": {
                        "line": 40,
                        "column": 1
                    }
                },
                "line": 10
            },
            "1": {
                "name": "deletePostController",
                "decl": {
                    "start": {
                        "line": 42,
                        "column": 7
                    },
                    "end": {
                        "line": 55,
                        "column": 1
                    }
                },
                "loc": {
                    "start": {
                        "line": 42,
                        "column": 7
                    },
                    "end": {
[...]
            "43": 0,
            "44": 0,
            "45": 0,
            "46": 0,
            "47": 0,
            "48": 0,
            "49": 0,
            "50": 0,
            "51": 0,
            "52": 0,
            "53": 0,
            "54": 0,
            "55": 0,
            "56": 0,
            "57": 0,
            "58": 0,
            "59": 0,
            "60": 0,
            "61": 0,
            "62": 1,
            "63": 1,
            "64": 0,
            "65": 0,
            "66": 0,
            "67": 0,
            "68": 0,
            "69": 0,
            "70": 0,
            "71": 0,
            "72": 0,
            "73": 0,
            "74": 0,
            "75": 0,
            "76": 0,
            "77": 0,
            "78": 0,
            "79": 0,
            "80": 0,
            "81": 0,
            "82": 0,
            "83": 0,
            "84": 0,
            "85": 0,
            "86": 0,
            "87": 0,
            "88": 0,
            "89": 0,
            "90": 0,
            "91": 0,
            "92": 0,
            "93": 1,
            "94": 1,
            "95": 0,
            "96": 0,
            "97": 0,
            "98": 0,
            "99": 0,
            "100": 0,
            "101": 1,
            "102": 1,
            "103": 0,
            "104": 0,
            "105": 0,
            "106": 0,
            "107": 0,
            "108": 0,
            "109": 0,
            "110": 0,
            "111": 0,
            "112": 0,
            "113": 0,
            "114": 0,
            "115": 0,
            "116": 0,
            "117": 0,
            "118": 0,
            "119": 0,
            "120": 0,
            "121": 0,
            "122": 0,
            "123": 0,
            "124": 0,
            "125": 0,
            "126": 0,
            "127": 0,
            "128": 0,
            "129": 0,
            "130": 1,
            "131": 0,
            "132": 0,
            "133": 0,
            "134": 0,
            "135": 0,
            "136": 0,
            "137": 0,
            "138": 0,
            "139": 0,
            "140": 0,
            "141": 0,
            "142": 0,
            "143": 0,
            "144": 0,
            "145": 0,
            "146": 1,
            "147": 0,
            "148": 0,
            "149": 0,
            "150": 0,
            "151": 0,
            "152": 0,
            "153": 0,
            "154": 0,
            "155": 0,
            "156": 0,
            "157": 0,
            "158": 0,
            "159": 0,
            "160": 0,
            "161": 0,
            "162": 0
        },
        "branchMap": {},
        "b": {},
        "fnMap": {
            "0": {
                "name": "createProfileService",
                "decl": {
                    "start": {
                        "line": 28,
                        "column": 7
                    },
                    "end": {
                        "line": 62,
                        "column": 1
                    }
                },
                "loc": {
                    "start": {
                        "line": 28,
                        "column": 7
                    },
                    "end": {
                        "line": 62,
                        "column": 1
                    }
                },
                "line": 28
            },
            "1": {
                "name": "updateProfileService",
                "decl": {
                    "start": {
                        "line": 64,
                        "column": 7
                    },
                    "end": {
                        "line": 93,
                        "column": 1
                    }
                },
                "loc": {
                    "start": {
                        "line": 64,
                        "column": 7
                    },
                    "end": {
                        "line": 93,
                        "column": 1
                    }
                },
                "line": 64
            },
            "2": {
                "name": "deleteProfileService",
                "decl": {
                    "start": {
                        "line": 95,
                        "column": 7
                    },
                    "end": {
                        "line": 101,
                        "column": 1
                    }
                },
                "loc": {
                    "start": {
                        "line": 95,
                        "column": 7
                    },
                    "end": {
                        "line": 101,
                        "column": 1
                    }
                },
                "line": 95
            },
            "3": {
                "name": "getProfileService",
                "decl": {
                    "start": {
                        "line": 103,
                        "column": 7
                    },
                    "end": {
                        "line": 130,
                        "column": 1
                    }
                },
                "loc": {
                    "start": {
                        "line": 103,
                        "column": 7
                    },
                    "end": {
                        "line": 130,
                        "column": 1
                    }
                },
                "line": 103
            },
            "4": {
                "name": "getAllProfilesService",
                "decl": {
                    "start": {
                        "line": 131,
                        "column": 7
                    },
                    "end": {
                        "line": 146,
                        "column": 1
                    }
                },
                "loc": {
                    "start": {
                        "line": 131,
                        "column": 7
                    },
                    "end": {
                        "line": 146,
                        "column": 1
                    }
                },
                "line": 131
            },
            "5": {
                "name": "getProfilesByAccountIdService",
                "decl": {
                    "start": {
                        "line": 147,
                        "column": 7
                    },
                    "end": {
                        "line": 163,
                        "column": 1
                    }
                },
                "loc": {
                    "start": {
                        "line": 147,
                        "column": 7
                    },
                    "end": {
                        "line": 163,
                        "column": 1
                    }
                },
                "line": 147
            }
        },
        "f": {
            "0": 0,
            "1": 0,
            "2": 0,
            "3": 0,
            "4": 0,
            "5": 0
        }
    },
    "M:\\UniBlog\\UniBlog\\blog-backend\\src\\utils\\parseMultipart.ts": {
        "path": "M:\\UniBlog\\UniBlog\\blog-backend\\src\\utils\\parseMultipart.ts",
        "all": false,
        "statementMap": {
            "0": {
                "start": {
                    "line": 1,
                    "column": 0
                },
                "end": {
                    "line": 1,
                    "column": 55
                }
            },
            "1": {
                "start": {
                    "line": 2,
                    "column": 0
                },
                "end": {
                    "line": 2,
                    "column": 0
                }
            },
            "2": {
                "start": {
                    "line": 3,
                    "column": 0
                },
                "end": {
                    "line": 3,
                    "column": 34
                }
            },
            "3": {
                "start": {
                    "line": 4,
                    "column": 0
                },
                "end": {
                    "line": 4,
                    "column": 32
                }
            },
            "4": {
                "start": {
                    "line": 5,
                    "column": 0
                },
                "end": {
                    "line": 5,
                    "column": 30
                }
            },
            "5": {
                "start": {
                    "line": 6,
                    "column": 0
                },
                "end": {
                    "line": 6,
                    "column": 28
                }
            },
            "6": {
                "start": {
                    "line": 7,
                    "column": 0
                },
                "end": {
                    "line": 7,
                    "column": 1
                }
            },
            "7": {
                "start": {
                    "line": 8,
                    "column": 0
                },
                "end": {
                    "line": 8,
                    "column": 0
                }
            },
            "8": {
                "start": {
                    "line": 9,
                    "column": 0
                },
                "end": {
                    "line": 9,
                    "column": 78
                }
            },
            "9": {
                "start": {
                    "line": 10,
                    "column": 0
                },
                "end": {
                    "line": 10,
                    "column": 40
                }
            },
            "10": {
                "start": {
                    "line": 11,
                    "column": 0
                },
                "end": {
                    "line": 11,
                    "column": 43
                }
            },
            "11": {
                "start": {
                    "line": 12,
                    "column": 0
                },
                "end": {
                    "line": 12,
                    "column": 41
                }
            },
            "12": {
                "start": {
                    "line": 13,
                    "column": 0
                },
                "end": {
                    "line": 13,
                    "column": 39
                }
            },
            "13": {
                "start": {
                    "line": 14,
                    "column": 0
                },
                "end": {
                    "line": 14,
                    "column": 0
                }
            },
            "14": {
                "start": {
                    "line": 15,
                    "column": 0
                },
                "end": {
                    "line": 15,
                    "column": 37
                }
            },
            "15": {
                "start": {
                    "line": 16,
                    "column": 0
                },
                "end": {
                    "line": 16,
                    "column": 35
                }
            },
            "16": {
                "start": {
                    "line": 17,
                    "column": 0
                },
                "end": {
                    "line": 17,
                    "column": 47
                }
            },
            "17": {
                "start": {
                    "line": 18,
                    "column": 0
                },
                "end": {
                    "line": 18,
                    "column": 37
                }
            },
            "18": {
                "start": {
                    "line": 19,
                    "column": 0
                },
                "end": {
                    "line": 19,
                    "column": 16
                }
            },
            "19": {
                "start": {
                    "line": 20,
                    "column": 0
                },
                "end": {
                    "line": 20,
                    "column": 48
                }
            },
            "20": {
                "start": {
                    "line": 21,
                    "column": 0
                },
                "end": {
                    "line": 21,
                    "column": 9
                }
            },
            "21": {
                "start": {
                    "line": 22,
                    "column": 0
                },
                "end": {
                    "line": 22,
                    "column": 5
                }
            },
            "22": {
                "start": {
                    "line": 23,
                    "column": 0
                },
                "end": {
                    "line": 23,
                    "column": 0
                }
            },
            "23": {
                "start": {
                    "line": 24,
                    "column": 0
                },
                "end": {
                    "line": 24,
                    "column": 44
                }
            },
            "24": {
                "start": {
                    "line": 25,
                    "column": 0
                },
                "end": {
                    "line": 25,
                    "column": 1
                }
            }
        },
        "s": {
            "0": 1,
            "1": 1,
            "2": 1,
            "3": 1,
            "4": 1,
            "5": 1,
            "6": 1,
            "7": 1,
            "8": 1,
            "9": 0,
            "10": 0,
            "11": 0,
            "12": 0,
            "13": 0,
            "14": 0,
            "15": 0,
            "16": 0,
            "17": 0,
            "18": 0,
            "19": 0,
            "20": 0,
            "21": 0,
            "22": 0,
            "23": 0,
            "24": 0
        },
        "branchMap": {},
        "b": {},
        "fnMap": {
            "0": {
                "name": "parseMultipart",
                "decl": {
                    "start": {
                        "line": 9,
                        "column": 7
                    },
                    "end": {
                        "line": 25,
                        "column": 1
                    }
                },
                "loc": {
                    "start": {
                        "line": 9,
                        "column": 7
                    },
                    "end": {
                        "line": 25,
                        "column": 1
                    }
                },
                "line": 9
            }
        },
        "f": {
            "0": 0
        }
    },
    "M:\\UniBlog\\UniBlog\\blog-backend\\src\\utils\\uploadToMinio.ts": {
        "path": "M:\\UniBlog\\UniBlog\\blog-backend\\src\\utils\\uploadToMinio.ts",
        "all": false,
        "statementMap": {
            "0": {
                "start": {
                    "line": 1,
                    "column": 0
                },
                "end": {
                    "line": 1,
                    "column": 43
                }
            },
            "1": {
                "start": {
                    "line": 2,
                    "column": 0
                },
                "end": {
                    "line": 2,
                    "column": 36
                }
            },
            "2": {
                "start": {
                    "line": 3,
                    "column": 0
                },
                "end": {
                    "line": 3,
                    "column": 0
                }
            },
            "3": {
                "start": {
                    "line": 4,
                    "column": 0
                },
                "end": {
                    "line": 4,
                    "column": 90
                }
            },
            "4": {
                "start": {
                    "line": 5,
                    "column": 0
                },
                "end": {
                    "line": 5,
                    "column": 44
                }
            },
            "5": {
                "start": {
                    "line": 6,
                    "column": 0
                },
                "end": {
                    "line": 6,
                    "column": 55
                }
            },
            "6": {
                "start": {
                    "line": 7,
                    "column": 0
                },
                "end": {
                    "line": 7,
                    "column": 0
                }
            },
            "7": {
                "start": {
                    "line": 8,
                    "column": 0
                },
                "end": {
                    "line": 8,
                    "column": 58
                }
            },
            "8": {
                "start": {
                    "line": 9,
                    "column": 0
                },
                "end": {
                    "line": 9,
                    "column": 54
                }
            },
            "9": {
                "start": {
                    "line": 10,
                    "column": 0
                },
                "end": {
                    "line": 10,
                    "column": 0
                }
            },
            "10": {
                "start": {
                    "line": 11,
                    "column": 0
                },
                "end": {
                    "line": 11,
                    "column": 56
                }
            },
            "11": {
                "start": {
                    "line": 12,
                    "column": 0
                },
                "end": {
                    "line": 12,
                    "column": 0
                }
            },
            "12": {
                "start": {
                    "line": 13,
                    "column": 0
                },
                "end": {
                    "line": 13,
                    "column": 77
                }
            },
            "13": {
                "start": {
                    "line": 14,
                    "column": 0
                },
                "end": {
                    "line": 14,
                    "column": 20
                }
            },
            "14": {
                "start": {
                    "line": 15,
                    "column": 0
                },
                "end": {
                    "line": 15,
                    "column": 1
                }
            }
        },
        "s": {
            "0": 1,
            "1": 1,
            "2": 1,
            "3": 1,
            "4": 0,
            "5": 0,
            "6": 0,
            "7": 0,
            "8": 0,
            "9": 0,
            "10": 0,
            "11": 0,
            "12": 0,
            "13": 0,
            "14": 0
        },
        "branchMap": {},
        "b": {},
        "fnMap": {
            "0": {
                "name": "uploadToMinio",
                "decl": {
                    "start": {
                        "line": 4,
                        "column": 7
                    },
                    "end": {
                        "line": 15,
                        "column": 1
                    }
                },
                "loc": {
                    "start": {
                        "line": 4,
                        "column": 7
                    },
                    "end": {
                        "line": 15,
                        "column": 1
                    }
                },
                "line": 4
            }
        },
        "f": {
            "0": 0
        }
    }
}